c:\users\caiyujian\desktop\sc-win32developments\mpu6050-serialreceiver-dynamiclibrary\mpu6050-serialreceiver-dynamiclibrary\debug\mpu6050-serialreceiver-dynamiclibrary.pch
c:\users\caiyujian\desktop\sc-win32developments\mpu6050-serialreceiver-dynamiclibrary\mpu6050-serialreceiver-dynamiclibrary\debug\vc140.pdb
c:\users\caiyujian\desktop\sc-win32developments\mpu6050-serialreceiver-dynamiclibrary\mpu6050-serialreceiver-dynamiclibrary\debug\vc140.idb
c:\users\caiyujian\desktop\sc-win32developments\mpu6050-serialreceiver-dynamiclibrary\mpu6050-serialreceiver-dynamiclibrary\debug\stdafx.obj
c:\users\caiyujian\desktop\sc-win32developments\mpu6050-serialreceiver-dynamiclibrary\mpu6050-serialreceiver-dynamiclibrary\debug\cserialport.obj
c:\users\caiyujian\desktop\sc-win32developments\mpu6050-serialreceiver-dynamiclibrary\mpu6050-serialreceiver-dynamiclibrary\debug\dllmain.obj
c:\users\caiyujian\desktop\sc-win32developments\mpu6050-serialreceiver-dynamiclibrary\mpu6050-serialreceiver-dynamiclibrary\debug\mpu6050-serialreceiver-dynamiclibrary.obj
c:\users\caiyujian\desktop\sc-win32developments\mpu6050-serialreceiver-dynamiclibrary\mpu6050-serialreceiver-dynamiclibrary\debug\sensormanager.obj
c:\users\caiyujian\desktop\sc-win32developments\mpu6050-serialreceiver-dynamiclibrary\mpu6050-serialreceiver-dynamiclibrary\debug\sensorqueue.obj
c:\users\caiyujian\desktop\sc-win32developments\mpu6050-serialreceiver-dynamiclibrary\mpu6050-serialreceiver-dynamiclibrary\debug\sensorserial.obj
c:\users\caiyujian\desktop\sc-win32developments\mpu6050-serialreceiver-dynamiclibrary\mpu6050-serialreceiver-dynamiclibrary\debug\serialqueue.obj
c:\users\caiyujian\desktop\sc-win32developments\mpu6050-serialreceiver-dynamiclibrary\debug\mpu6050-serialreceiver-dynamiclibrary.ilk
c:\users\caiyujian\desktop\sc-win32developments\mpu6050-serialreceiver-dynamiclibrary\debug\mpu6050-serialreceiver-dynamiclibrary.dll
c:\users\caiyujian\desktop\sc-win32developments\mpu6050-serialreceiver-dynamiclibrary\debug\mpu6050-serialreceiver-dynamiclibrary.pdb
c:\users\caiyujian\desktop\sc-win32developments\mpu6050-serialreceiver-dynamiclibrary\debug\mpu6050-serialreceiver-dynamiclibrary.lib
c:\users\caiyujian\desktop\sc-win32developments\mpu6050-serialreceiver-dynamiclibrary\debug\mpu6050-serialreceiver-dynamiclibrary.exp
c:\users\caiyujian\desktop\sc-win32developments\mpu6050-serialreceiver-dynamiclibrary\mpu6050-serialreceiver-dynamiclibrary\debug\mpu6050-.55570f52.tlog\cl.command.1.tlog
c:\users\caiyujian\desktop\sc-win32developments\mpu6050-serialreceiver-dynamiclibrary\mpu6050-serialreceiver-dynamiclibrary\debug\mpu6050-.55570f52.tlog\cl.read.1.tlog
c:\users\caiyujian\desktop\sc-win32developments\mpu6050-serialreceiver-dynamiclibrary\mpu6050-serialreceiver-dynamiclibrary\debug\mpu6050-.55570f52.tlog\cl.write.1.tlog
c:\users\caiyujian\desktop\sc-win32developments\mpu6050-serialreceiver-dynamiclibrary\mpu6050-serialreceiver-dynamiclibrary\debug\mpu6050-.55570f52.tlog\link.command.1.tlog
c:\users\caiyujian\desktop\sc-win32developments\mpu6050-serialreceiver-dynamiclibrary\mpu6050-serialreceiver-dynamiclibrary\debug\mpu6050-.55570f52.tlog\link.read.1.tlog
c:\users\caiyujian\desktop\sc-win32developments\mpu6050-serialreceiver-dynamiclibrary\mpu6050-serialreceiver-dynamiclibrary\debug\mpu6050-.55570f52.tlog\link.write.1.tlog
c:\users\caiyujian\desktop\sc-win32developments\mpu6050-serialreceiver-dynamiclibrary\mpu6050-serialreceiver-dynamiclibrary\debug\mpu6050-.55570f52.tlog\mpu6050-serialreceiver-dynamiclibrary.write.1u.tlog
